<?xml version="1.0" encoding="UTF-8"?>
<testsuite xmlns:xsi="http://www.w3.org/2001/XMLSchema-instance" xsi:noNamespaceSchemaLocation="https://maven.apache.org/surefire/maven-surefire-plugin/xsd/surefire-test-report-3.0.xsd" version="3.0" name="com.example.jsch_sftp.JschSftpApplicationTests" time="36.437" tests="1" errors="0" skipped="0" failures="0">
  <properties>
[...]
</properties>
  <testcase name="contextLoads" classname="com.example.jsch_sftp.JschSftpApplicationTests" time="3.088">
    <system-out><![CDATA[03:35:47.661 [main] INFO org.springframework.test.context.support.AnnotationConfigContextLoaderUtils -- Could not detect default configuration classes for test class [com.example.jsch_sftp.JschSftpApplicationTests]: JschSftpApplicationTests does not declare any static, non-private, non-final, nested classes annotated with @Configuration.
03:35:47.995 [main] INFO org.springframework.boot.test.context.SpringBootTestContextBootstrapper -- Found @SpringBootConfiguration com.example.jsch_sftp.JschSftpApplication for test class com.example.jsch_sftp.JschSftpApplicationTests

  .   ____          _            __ _ _
 /\\ / ___'_ __ _ _(_)_ __  __ _ \ \ \ \
( ( )\___ | '_ | '_| | '_ \/ _` | \ \ \ \
 \\/  ___)| |_)| | | | | || (_| |  ) ) ) )
  '  |____| .__|_| |_|_| |_\__, | / / / /
 =========|_|==============|___/=/_/_/_/

 :: Spring Boot ::                (v3.3.1)

2024-07-26T03:35:49.326+01:00  INFO 10520 --- [jsch-sftp] [           main] c.e.jsch_sftp.JschSftpApplicationTests   : Starting JschSftpApplicationTests using Java 19 with PID 10520 (started by SIMO in C:\Users\SIMO\Documents\pfe_abb\jsch-sftp)
2024-07-26T03:35:49.328+01:00  INFO 10520 --- [jsch-sftp] [           main] c.e.jsch_sftp.JschSftpApplicationTests   : No active profile set, falling back to 1 default profile: "default"
2024-07-26T03:35:54.129+01:00  INFO 10520 --- [jsch-sftp] [           main] c.e.jsch_sftp.JschSftpApplicationTests   : Started JschSftpApplicationTests in 5.632 seconds (process running for 8.391)
Starting directory monitoring...
Uploading file: C:\Users\SIMO\Documents\pfe_abb\test\files\test_30.txt
Uploaded file: test_30.txt
No new files to upload.
No new files to upload.
No new files to upload.
No new files to upload.
No new files to upload.
]]></system-out>
  </testcase>
</testsuite>